<?xml version="1.0" encoding="UTF-8"?>
<Site BuildName="(empty)"
	BuildStamp="20241203-1656-Experimental"
	Name="jesus-Dell-G15-5535"
	Generator="ctest-3.16.3"
	CompilerName="/usr/bin/c++"
	CompilerVersion="9.4.0"
	OSName="Linux"
	Hostname="jesus-Dell-G15-5535"
	OSRelease="6.8.0-41-generic"
	OSVersion="#41-Ubuntu SMP PREEMPT_DYNAMIC Fri Aug  2 20:41:06 UTC 2024"
	OSPlatform="x86_64"
	Is64Bits="1"
	VendorString="AuthenticAMD"
	VendorID="Advanced Micro Devices"
	FamilyID="25"
	ModelID="116"
	ProcessorCacheSize="1024"
	NumberOfLogicalCPU="16"
	NumberOfPhysicalCPU="8"
	TotalVirtualMemory="7629"
	TotalPhysicalMemory="15289"
	LogicalProcessorsPerPhysical="2"
	ProcessorClockFrequency="4633.21"
	>
	<Testing>
		<StartDateTime>Dec 03 16:56 UTC</StartDateTime>
		<StartTestTime>1733245011</StartTestTime>
		<TestList/>
		<EndDateTime>Dec 03 16:56 UTC</EndDateTime>
		<EndTestTime>1733245011</EndTestTime>
		<ElapsedMinutes>0</ElapsedMinutes>
	</Testing>
</Site>
