<?xml version="1.0" encoding="UTF-8"?>
<Site BuildName="(empty)"
	BuildStamp="20241210-1706-Experimental"
	Name="jesus-Dell-G15-5535"
	Generator="ctest-3.16.3"
	CompilerName="/usr/bin/c++"
	CompilerVersion="9.4.0"
	OSName="Linux"
	Hostname="jesus-Dell-G15-5535"
	OSRelease="6.8.0-49-generic"
	OSVersion="#49-Ubuntu SMP PREEMPT_DYNAMIC Mon Nov  4 02:06:24 UTC 2024"
	OSPlatform="x86_64"
	Is64Bits="1"
	VendorString="AuthenticAMD"
	VendorID="Advanced Micro Devices"
	FamilyID="25"
	ModelID="116"
	ProcessorCacheSize="1024"
	NumberOfLogicalCPU="16"
	NumberOfPhysicalCPU="8"
	TotalVirtualMemory="7629"
	TotalPhysicalMemory="15289"
	LogicalProcessorsPerPhysical="2"
	ProcessorClockFrequency="4685.81"
	>
	<Testing>
		<StartDateTime>Dec 10 16:59 UTC</StartDateTime>
		<StartTestTime>1733849974</StartTestTime>
		<TestList/>
		<EndDateTime>Dec 10 16:59 UTC</EndDateTime>
		<EndTestTime>1733849974</EndTestTime>
		<ElapsedMinutes>0</ElapsedMinutes>
	</Testing>
</Site>
